{"C:\\Users\\sofca\\source\\repos\\react-app1\\client\\src\\components\\CreateTicket.tsx": {"path":"C:\\Users\\sofca\\source\\repos\\react-app1\\client\\src\\components\\CreateTicket.tsx","statementMap":{"0":{"start":{"line":6,"column":8},"end":{"line":6,"column":null}},"1":{"start":{"line":7,"column":24},"end":{"line":7,"column":null}},"2":{"start":{"line":8,"column":24},"end":{"line":8,"column":null}},"3":{"start":{"line":10,"column":2},"end":{"line":10,"column":null}},"4":{"start":{"line":10,"column":16},"end":{"line":10,"column":null}},"5":{"start":{"line":11,"column":24},"end":{"line":11,"column":null}},"6":{"start":{"line":13,"column":23},"end":{"line":23,"column":null}},"7":{"start":{"line":14,"column":4},"end":{"line":14,"column":null}},"8":{"start":{"line":15,"column":4},"end":{"line":15,"column":null}},"9":{"start":{"line":15,"column":26},"end":{"line":15,"column":null}},"10":{"start":{"line":18,"column":4},"end":{"line":18,"column":null}},"11":{"start":{"line":21,"column":4},"end":{"line":21,"column":null}},"12":{"start":{"line":22,"column":4},"end":{"line":22,"column":null}},"13":{"start":{"line":25,"column":2},"end":{"line":40,"column":null}},"14":{"start":{"line":31,"column":25},"end":{"line":31,"column":null}},"15":{"start":{"line":37,"column":25},"end":{"line":37,"column":null}}},"fnMap":{"0":{"name":"CreateTicket","decl":{"start":{"line":5,"column":24},"end":{"line":5,"column":39}},"loc":{"start":{"line":5,"column":39},"end":{"line":42,"column":null}},"line":5},"1":{"name":"(anonymous_1)","decl":{"start":{"line":13,"column":23},"end":{"line":13,"column":24}},"loc":{"start":{"line":13,"column":47},"end":{"line":23,"column":null}},"line":13},"2":{"name":"(anonymous_2)","decl":{"start":{"line":31,"column":18},"end":{"line":31,"column":19}},"loc":{"start":{"line":31,"column":25},"end":{"line":31,"column":null}},"line":31},"3":{"name":"(anonymous_3)","decl":{"start":{"line":37,"column":18},"end":{"line":37,"column":19}},"loc":{"start":{"line":37,"column":25},"end":{"line":37,"column":null}},"line":37}},"branchMap":{"0":{"loc":{"start":{"line":10,"column":2},"end":{"line":10,"column":null}},"type":"if","locations":[{"start":{"line":10,"column":2},"end":{"line":10,"column":null}},{"start":{},"end":{}}],"line":10},"1":{"loc":{"start":{"line":15,"column":4},"end":{"line":15,"column":null}},"type":"if","locations":[{"start":{"line":15,"column":4},"end":{"line":15,"column":null}},{"start":{},"end":{}}],"line":15},"2":{"loc":{"start":{"line":15,"column":8},"end":{"line":15,"column":26}},"type":"binary-expr","locations":[{"start":{"line":15,"column":8},"end":{"line":15,"column":18}},{"start":{"line":15,"column":18},"end":{"line":15,"column":26}}],"line":15}},"s":{"0":4,"1":4,"2":4,"3":4,"4":0,"5":4,"6":4,"7":1,"8":1,"9":0,"10":1,"11":1,"12":1,"13":4,"14":1,"15":1},"f":{"0":4,"1":1,"2":1,"3":1},"b":{"0":[0,4],"1":[0,1],"2":[1,1]},"meta":{"lastBranch":3,"lastFunction":4,"lastStatement":16,"seen":{"f:5:24:5:39":0,"s:6:8:6:Infinity":0,"s:7:24:7:Infinity":1,"s:8:24:8:Infinity":2,"b:10:2:10:Infinity:undefined:undefined:undefined:undefined":0,"s:10:2:10:Infinity":3,"s:10:16:10:Infinity":4,"s:11:24:11:Infinity":5,"s:13:23:23:Infinity":6,"f:13:23:13:24":1,"s:14:4:14:Infinity":7,"b:15:4:15:Infinity:undefined:undefined:undefined:undefined":1,"s:15:4:15:Infinity":8,"b:15:8:15:18:15:18:15:26":2,"s:15:26:15:Infinity":9,"s:18:4:18:Infinity":10,"s:21:4:21:Infinity":11,"s:22:4:22:Infinity":12,"s:25:2:40:Infinity":13,"f:31:18:31:19":2,"s:31:25:31:Infinity":14,"f:37:18:37:19":3,"s:37:25:37:Infinity":15}}}
,"C:\\Users\\sofca\\source\\repos\\react-app1\\client\\src\\components\\TicketList.tsx": {"path":"C:\\Users\\sofca\\source\\repos\\react-app1\\client\\src\\components\\TicketList.tsx","statementMap":{"0":{"start":{"line":6,"column":8},"end":{"line":6,"column":null}},"1":{"start":{"line":7,"column":2},"end":{"line":7,"column":null}},"2":{"start":{"line":7,"column":16},"end":{"line":7,"column":null}},"3":{"start":{"line":9,"column":72},"end":{"line":9,"column":null}},"4":{"start":{"line":11,"column":2},"end":{"line":29,"column":null}},"5":{"start":{"line":18,"column":12},"end":{"line":25,"column":null}},"6":{"start":{"line":22,"column":38},"end":{"line":22,"column":69}},"7":{"start":{"line":22,"column":69},"end":{"line":22,"column":93}},"8":{"start":{"line":24,"column":37},"end":{"line":24,"column":62}}},"fnMap":{"0":{"name":"TicketList","decl":{"start":{"line":5,"column":24},"end":{"line":5,"column":37}},"loc":{"start":{"line":5,"column":37},"end":{"line":31,"column":null}},"line":5},"1":{"name":"(anonymous_1)","decl":{"start":{"line":17,"column":23},"end":{"line":17,"column":24}},"loc":{"start":{"line":18,"column":12},"end":{"line":25,"column":null}},"line":18},"2":{"name":"(anonymous_2)","decl":{"start":{"line":22,"column":31},"end":{"line":22,"column":37}},"loc":{"start":{"line":22,"column":37},"end":{"line":22,"column":96}},"line":22},"3":{"name":"(anonymous_3)","decl":{"start":{"line":24,"column":31},"end":{"line":24,"column":37}},"loc":{"start":{"line":24,"column":37},"end":{"line":24,"column":62}},"line":24}},"branchMap":{"0":{"loc":{"start":{"line":7,"column":2},"end":{"line":7,"column":null}},"type":"if","locations":[{"start":{"line":7,"column":2},"end":{"line":7,"column":null}},{"start":{},"end":{}}],"line":7},"1":{"loc":{"start":{"line":13,"column":7},"end":{"line":27,"column":null}},"type":"cond-expr","locations":[{"start":{"line":14,"column":8},"end":{"line":14,"column":null}},{"start":{"line":16,"column":8},"end":{"line":27,"column":null}}],"line":13},"2":{"loc":{"start":{"line":21,"column":15},"end":{"line":22,"column":null}},"type":"binary-expr","locations":[{"start":{"line":21,"column":15},"end":{"line":21,"column":null}},{"start":{"line":22,"column":14},"end":{"line":22,"column":null}}],"line":21}},"s":{"0":2,"1":2,"2":0,"3":2,"4":2,"5":1,"6":0,"7":0,"8":1},"f":{"0":2,"1":1,"2":0,"3":1},"b":{"0":[0,2],"1":[1,1],"2":[1,0]},"meta":{"lastBranch":3,"lastFunction":4,"lastStatement":9,"seen":{"f:5:24:5:37":0,"s:6:8:6:Infinity":0,"b:7:2:7:Infinity:undefined:undefined:undefined:undefined":0,"s:7:2:7:Infinity":1,"s:7:16:7:Infinity":2,"s:9:72:9:Infinity":3,"s:11:2:29:Infinity":4,"b:14:8:14:Infinity:16:8:27:Infinity":1,"f:17:23:17:24":1,"s:18:12:25:Infinity":5,"b:21:15:21:Infinity:22:14:22:Infinity":2,"f:22:31:22:37":2,"s:22:38:22:69":6,"s:22:69:22:93":7,"f:24:31:24:37":3,"s:24:37:24:62":8}}}
,"C:\\Users\\sofca\\source\\repos\\react-app1\\client\\src\\components\\TreatTicket.tsx": {"path":"C:\\Users\\sofca\\source\\repos\\react-app1\\client\\src\\components\\TreatTicket.tsx","statementMap":{"0":{"start":{"line":15,"column":2},"end":{"line":15,"column":null}},"1":{"start":{"line":17,"column":2},"end":{"line":20,"column":null}},"2":{"start":{"line":18,"column":4},"end":{"line":18,"column":null}},"3":{"start":{"line":19,"column":4},"end":{"line":19,"column":null}},"4":{"start":{"line":22,"column":2},"end":{"line":24,"column":null}},"5":{"start":{"line":23,"column":4},"end":{"line":23,"column":null}},"6":{"start":{"line":26,"column":17},"end":{"line":26,"column":null}},"7":{"start":{"line":26,"column":37},"end":{"line":26,"column":61}},"8":{"start":{"line":27,"column":2},"end":{"line":27,"column":null}},"9":{"start":{"line":27,"column":15},"end":{"line":27,"column":null}},"10":{"start":{"line":29,"column":23},"end":{"line":33,"column":null}},"11":{"start":{"line":30,"column":4},"end":{"line":30,"column":null}},"12":{"start":{"line":31,"column":4},"end":{"line":31,"column":null}},"13":{"start":{"line":32,"column":4},"end":{"line":32,"column":null}},"14":{"start":{"line":35,"column":2},"end":{"line":73,"column":null}},"15":{"start":{"line":48,"column":12},"end":{"line":60,"column":null}},"16":{"start":{"line":53,"column":41},"end":{"line":53,"column":61}},"17":{"start":{"line":67,"column":10},"end":{"line":67,"column":null}},"18":{"start":{"line":68,"column":10},"end":{"line":68,"column":null}}},"fnMap":{"0":{"name":"TreatTicket","decl":{"start":{"line":5,"column":24},"end":{"line":5,"column":38}},"loc":{"start":{"line":5,"column":38},"end":{"line":75,"column":null}},"line":5},"1":{"name":"(anonymous_1)","decl":{"start":{"line":17,"column":12},"end":{"line":17,"column":18}},"loc":{"start":{"line":17,"column":18},"end":{"line":20,"column":5}},"line":17},"2":{"name":"(anonymous_2)","decl":{"start":{"line":26,"column":30},"end":{"line":26,"column":31}},"loc":{"start":{"line":26,"column":37},"end":{"line":26,"column":61}},"line":26},"3":{"name":"(anonymous_3)","decl":{"start":{"line":29,"column":23},"end":{"line":29,"column":30}},"loc":{"start":{"line":29,"column":50},"end":{"line":33,"column":null}},"line":29},"4":{"name":"(anonymous_4)","decl":{"start":{"line":47,"column":22},"end":{"line":47,"column":23}},"loc":{"start":{"line":48,"column":12},"end":{"line":60,"column":null}},"line":48},"5":{"name":"(anonymous_5)","decl":{"start":{"line":53,"column":35},"end":{"line":53,"column":41}},"loc":{"start":{"line":53,"column":41},"end":{"line":53,"column":61}},"line":53},"6":{"name":"(anonymous_6)","decl":{"start":{"line":66,"column":17},"end":{"line":66,"column":23}},"loc":{"start":{"line":66,"column":23},"end":{"line":69,"column":null}},"line":66}},"branchMap":{"0":{"loc":{"start":{"line":22,"column":2},"end":{"line":24,"column":null}},"type":"if","locations":[{"start":{"line":22,"column":2},"end":{"line":24,"column":null}},{"start":{},"end":{}}],"line":22},"1":{"loc":{"start":{"line":27,"column":2},"end":{"line":27,"column":null}},"type":"if","locations":[{"start":{"line":27,"column":2},"end":{"line":27,"column":null}},{"start":{},"end":{}}],"line":27},"2":{"loc":{"start":{"line":43,"column":7},"end":{"line":62,"column":null}},"type":"cond-expr","locations":[{"start":{"line":44,"column":8},"end":{"line":44,"column":null}},{"start":{"line":46,"column":8},"end":{"line":62,"column":null}}],"line":43},"3":{"loc":{"start":{"line":50,"column":15},"end":{"line":58,"column":null}},"type":"cond-expr","locations":[{"start":{"line":51,"column":16},"end":{"line":56,"column":null}},{"start":{"line":58,"column":16},"end":{"line":58,"column":null}}],"line":50}},"s":{"0":0,"1":0,"2":0,"3":0,"4":0,"5":0,"6":0,"7":0,"8":0,"9":0,"10":0,"11":0,"12":0,"13":0,"14":0,"15":0,"16":0,"17":0,"18":0},"f":{"0":0,"1":0,"2":0,"3":0,"4":0,"5":0,"6":0},"b":{"0":[0,0],"1":[0,0],"2":[0,0],"3":[0,0]},"meta":{"lastBranch":4,"lastFunction":7,"lastStatement":19,"seen":{"f:5:24:5:38":0,"s:15:2:15:Infinity":0,"s:17:2:20:Infinity":1,"f:17:12:17:18":1,"s:18:4:18:Infinity":2,"s:19:4:19:Infinity":3,"b:22:2:24:Infinity:undefined:undefined:undefined:undefined":0,"s:22:2:24:Infinity":4,"s:23:4:23:Infinity":5,"s:26:17:26:Infinity":6,"f:26:30:26:31":2,"s:26:37:26:61":7,"b:27:2:27:Infinity:undefined:undefined:undefined:undefined":1,"s:27:2:27:Infinity":8,"s:27:15:27:Infinity":9,"s:29:23:33:Infinity":10,"f:29:23:29:30":3,"s:30:4:30:Infinity":11,"s:31:4:31:Infinity":12,"s:32:4:32:Infinity":13,"s:35:2:73:Infinity":14,"b:44:8:44:Infinity:46:8:62:Infinity":2,"f:47:22:47:23":4,"s:48:12:60:Infinity":15,"b:51:16:56:Infinity:58:16:58:Infinity":3,"f:53:35:53:41":5,"s:53:41:53:61":16,"f:66:17:66:23":6,"s:67:10:67:Infinity":17,"s:68:10:68:Infinity":18}}}
,"C:\\Users\\sofca\\source\\repos\\react-app1\\client\\src\\context\\Tickets.tsx": {"path":"C:\\Users\\sofca\\source\\repos\\react-app1\\client\\src\\context\\Tickets.tsx","statementMap":{"0":{"start":{"line":44,"column":13},"end":{"line":44,"column":null}},"1":{"start":{"line":46,"column":26},"end":{"line":50,"column":null}},"2":{"start":{"line":47,"column":8},"end":{"line":47,"column":null}},"3":{"start":{"line":48,"column":2},"end":{"line":48,"column":null}},"4":{"start":{"line":48,"column":12},"end":{"line":48,"column":null}},"5":{"start":{"line":49,"column":2},"end":{"line":49,"column":null}},"6":{"start":{"line":54,"column":3},"end":{"line":54,"column":null}},"7":{"start":{"line":55,"column":20},"end":{"line":55,"column":null}},"8":{"start":{"line":56,"column":19},"end":{"line":56,"column":null}},"9":{"start":{"line":58,"column":31},"end":{"line":229,"column":null}},"10":{"start":{"line":59,"column":28},"end":{"line":59,"column":null}},"11":{"start":{"line":60,"column":26},"end":{"line":60,"column":null}},"12":{"start":{"line":61,"column":36},"end":{"line":61,"column":null}},"13":{"start":{"line":62,"column":44},"end":{"line":62,"column":null}},"14":{"start":{"line":64,"column":8},"end":{"line":89,"column":null}},"15":{"start":{"line":65,"column":4},"end":{"line":88,"column":null}},"16":{"start":{"line":66,"column":18},"end":{"line":66,"column":null}},"17":{"start":{"line":67,"column":6},"end":{"line":70,"column":null}},"18":{"start":{"line":68,"column":8},"end":{"line":68,"column":null}},"19":{"start":{"line":69,"column":8},"end":{"line":69,"column":null}},"20":{"start":{"line":71,"column":6},"end":{"line":71,"column":null}},"21":{"start":{"line":71,"column":19},"end":{"line":71,"column":null}},"22":{"start":{"line":72,"column":19},"end":{"line":72,"column":null}},"23":{"start":{"line":73,"column":19},"end":{"line":73,"column":null}},"24":{"start":{"line":74,"column":6},"end":{"line":84,"column":null}},"25":{"start":{"line":76,"column":31},"end":{"line":82,"column":null}},"26":{"start":{"line":86,"column":6},"end":{"line":86,"column":null}},"27":{"start":{"line":87,"column":6},"end":{"line":87,"column":null}},"28":{"start":{"line":91,"column":8},"end":{"line":114,"column":null}},"29":{"start":{"line":92,"column":4},"end":{"line":113,"column":null}},"30":{"start":{"line":93,"column":18},"end":{"line":93,"column":null}},"31":{"start":{"line":94,"column":6},"end":{"line":97,"column":null}},"32":{"start":{"line":95,"column":8},"end":{"line":95,"column":null}},"33":{"start":{"line":96,"column":8},"end":{"line":96,"column":null}},"34":{"start":{"line":98,"column":6},"end":{"line":98,"column":null}},"35":{"start":{"line":98,"column":19},"end":{"line":98,"column":null}},"36":{"start":{"line":99,"column":19},"end":{"line":99,"column":null}},"37":{"start":{"line":100,"column":19},"end":{"line":100,"column":null}},"38":{"start":{"line":101,"column":6},"end":{"line":109,"column":null}},"39":{"start":{"line":103,"column":30},"end":{"line":107,"column":null}},"40":{"start":{"line":111,"column":6},"end":{"line":111,"column":null}},"41":{"start":{"line":112,"column":6},"end":{"line":112,"column":null}},"42":{"start":{"line":116,"column":2},"end":{"line":119,"column":null}},"43":{"start":{"line":117,"column":4},"end":{"line":117,"column":null}},"44":{"start":{"line":118,"column":4},"end":{"line":118,"column":null}},"45":{"start":{"line":121,"column":8},"end":{"line":153,"column":null}},"46":{"start":{"line":123,"column":6},"end":{"line":150,"column":null}},"47":{"start":{"line":124,"column":20},"end":{"line":129,"column":null}},"48":{"start":{"line":130,"column":8},"end":{"line":134,"column":null}},"49":{"start":{"line":131,"column":10},"end":{"line":131,"column":null}},"50":{"start":{"line":132,"column":10},"end":{"line":132,"column":null}},"51":{"start":{"line":133,"column":10},"end":{"line":133,"column":null}},"52":{"start":{"line":135,"column":8},"end":{"line":135,"column":null}},"53":{"start":{"line":135,"column":21},"end":{"line":135,"column":null}},"54":{"start":{"line":136,"column":21},"end":{"line":136,"column":null}},"55":{"start":{"line":137,"column":8},"end":{"line":146,"column":null}},"56":{"start":{"line":137,"column":29},"end":{"line":146,"column":9}},"57":{"start":{"line":147,"column":8},"end":{"line":147,"column":null}},"58":{"start":{"line":149,"column":8},"end":{"line":149,"column":null}},"59":{"start":{"line":155,"column":8},"end":{"line":170,"column":null}},"60":{"start":{"line":156,"column":4},"end":{"line":169,"column":null}},"61":{"start":{"line":157,"column":18},"end":{"line":160,"column":null}},"62":{"start":{"line":161,"column":6},"end":{"line":164,"column":null}},"63":{"start":{"line":162,"column":8},"end":{"line":162,"column":null}},"64":{"start":{"line":163,"column":8},"end":{"line":163,"column":null}},"65":{"start":{"line":165,"column":6},"end":{"line":165,"column":null}},"66":{"start":{"line":165,"column":19},"end":{"line":165,"column":null}},"67":{"start":{"line":166,"column":6},"end":{"line":166,"column":null}},"68":{"start":{"line":166,"column":27},"end":{"line":166,"column":58}},"69":{"start":{"line":166,"column":46},"end":{"line":166,"column":57}},"70":{"start":{"line":168,"column":6},"end":{"line":168,"column":null}},"71":{"start":{"line":172,"column":8},"end":{"line":194,"column":null}},"72":{"start":{"line":174,"column":6},"end":{"line":191,"column":null}},"73":{"start":{"line":175,"column":20},"end":{"line":180,"column":null}},"74":{"start":{"line":181,"column":8},"end":{"line":185,"column":null}},"75":{"start":{"line":182,"column":10},"end":{"line":182,"column":null}},"76":{"start":{"line":183,"column":10},"end":{"line":183,"column":null}},"77":{"start":{"line":184,"column":10},"end":{"line":184,"column":null}},"78":{"start":{"line":186,"column":8},"end":{"line":186,"column":null}},"79":{"start":{"line":186,"column":21},"end":{"line":186,"column":null}},"80":{"start":{"line":187,"column":8},"end":{"line":187,"column":null}},"81":{"start":{"line":188,"column":8},"end":{"line":188,"column":null}},"82":{"start":{"line":190,"column":8},"end":{"line":190,"column":null}},"83":{"start":{"line":197,"column":8},"end":{"line":222,"column":null}},"84":{"start":{"line":198,"column":11},"end":{"line":210,"column":null}},"85":{"start":{"line":224,"column":2},"end":{"line":227,"column":null}}},"fnMap":{"0":{"name":"(anonymous_0)","decl":{"start":{"line":46,"column":26},"end":{"line":46,"column":32}},"loc":{"start":{"line":46,"column":32},"end":{"line":50,"column":null}},"line":46},"1":{"name":"(anonymous_1)","decl":{"start":{"line":58,"column":31},"end":{"line":58,"column":32}},"loc":{"start":{"line":58,"column":74},"end":{"line":229,"column":null}},"line":58},"2":{"name":"(anonymous_2)","decl":{"start":{"line":64,"column":34},"end":{"line":64,"column":46}},"loc":{"start":{"line":64,"column":46},"end":{"line":89,"column":5}},"line":64},"3":{"name":"(anonymous_3)","decl":{"start":{"line":76,"column":10},"end":{"line":76,"column":11}},"loc":{"start":{"line":76,"column":31},"end":{"line":82,"column":null}},"line":76},"4":{"name":"(anonymous_4)","decl":{"start":{"line":91,"column":33},"end":{"line":91,"column":45}},"loc":{"start":{"line":91,"column":45},"end":{"line":114,"column":5}},"line":91},"5":{"name":"(anonymous_5)","decl":{"start":{"line":103,"column":10},"end":{"line":103,"column":11}},"loc":{"start":{"line":103,"column":30},"end":{"line":107,"column":null}},"line":103},"6":{"name":"(anonymous_6)","decl":{"start":{"line":116,"column":12},"end":{"line":116,"column":18}},"loc":{"start":{"line":116,"column":18},"end":{"line":119,"column":5}},"line":116},"7":{"name":"(anonymous_7)","decl":{"start":{"line":122,"column":4},"end":{"line":122,"column":11}},"loc":{"start":{"line":122,"column":65},"end":{"line":151,"column":null}},"line":122},"8":{"name":"(anonymous_8)","decl":{"start":{"line":137,"column":19},"end":{"line":137,"column":20}},"loc":{"start":{"line":137,"column":29},"end":{"line":146,"column":9}},"line":137},"9":{"name":"(anonymous_9)","decl":{"start":{"line":155,"column":35},"end":{"line":155,"column":42}},"loc":{"start":{"line":155,"column":57},"end":{"line":170,"column":5}},"line":155},"10":{"name":"(anonymous_10)","decl":{"start":{"line":166,"column":17},"end":{"line":166,"column":18}},"loc":{"start":{"line":166,"column":27},"end":{"line":166,"column":58}},"line":166},"11":{"name":"(anonymous_11)","decl":{"start":{"line":166,"column":39},"end":{"line":166,"column":40}},"loc":{"start":{"line":166,"column":46},"end":{"line":166,"column":57}},"line":166},"12":{"name":"(anonymous_12)","decl":{"start":{"line":173,"column":4},"end":{"line":173,"column":11}},"loc":{"start":{"line":173,"column":49},"end":{"line":192,"column":null}},"line":173},"13":{"name":"(anonymous_13)","decl":{"start":{"line":198,"column":4},"end":{"line":198,"column":11}},"loc":{"start":{"line":198,"column":11},"end":{"line":210,"column":null}},"line":198}},"branchMap":{"0":{"loc":{"start":{"line":48,"column":2},"end":{"line":48,"column":null}},"type":"if","locations":[{"start":{"line":48,"column":2},"end":{"line":48,"column":null}},{"start":{},"end":{}}],"line":48},"1":{"loc":{"start":{"line":54,"column":3},"end":{"line":54,"column":null}},"type":"binary-expr","locations":[{"start":{"line":54,"column":3},"end":{"line":54,"column":49}},{"start":{"line":54,"column":49},"end":{"line":54,"column":null}}],"line":54},"2":{"loc":{"start":{"line":67,"column":6},"end":{"line":70,"column":null}},"type":"if","locations":[{"start":{"line":67,"column":6},"end":{"line":70,"column":null}},{"start":{},"end":{}}],"line":67},"3":{"loc":{"start":{"line":71,"column":6},"end":{"line":71,"column":null}},"type":"if","locations":[{"start":{"line":71,"column":6},"end":{"line":71,"column":null}},{"start":{},"end":{}}],"line":71},"4":{"loc":{"start":{"line":73,"column":19},"end":{"line":73,"column":null}},"type":"cond-expr","locations":[{"start":{"line":73,"column":41},"end":{"line":73,"column":48}},{"start":{"line":73,"column":48},"end":{"line":73,"column":null}}],"line":73},"5":{"loc":{"start":{"line":78,"column":19},"end":{"line":78,"column":null}},"type":"binary-expr","locations":[{"start":{"line":78,"column":19},"end":{"line":78,"column":29}},{"start":{"line":78,"column":29},"end":{"line":78,"column":40}},{"start":{"line":78,"column":40},"end":{"line":78,"column":null}}],"line":78},"6":{"loc":{"start":{"line":79,"column":26},"end":{"line":79,"column":38}},"type":"binary-expr","locations":[{"start":{"line":79,"column":26},"end":{"line":79,"column":37}},{"start":{"line":79,"column":37},"end":{"line":79,"column":38}}],"line":79},"7":{"loc":{"start":{"line":80,"column":21},"end":{"line":80,"column":null}},"type":"binary-expr","locations":[{"start":{"line":80,"column":21},"end":{"line":80,"column":33}},{"start":{"line":80,"column":33},"end":{"line":80,"column":null}}],"line":80},"8":{"loc":{"start":{"line":81,"column":21},"end":{"line":81,"column":null}},"type":"binary-expr","locations":[{"start":{"line":81,"column":21},"end":{"line":81,"column":35}},{"start":{"line":81,"column":35},"end":{"line":81,"column":null}}],"line":81},"9":{"loc":{"start":{"line":94,"column":6},"end":{"line":97,"column":null}},"type":"if","locations":[{"start":{"line":94,"column":6},"end":{"line":97,"column":null}},{"start":{},"end":{}}],"line":94},"10":{"loc":{"start":{"line":98,"column":6},"end":{"line":98,"column":null}},"type":"if","locations":[{"start":{"line":98,"column":6},"end":{"line":98,"column":null}},{"start":{},"end":{}}],"line":98},"11":{"loc":{"start":{"line":100,"column":19},"end":{"line":100,"column":null}},"type":"cond-expr","locations":[{"start":{"line":100,"column":41},"end":{"line":100,"column":48}},{"start":{"line":100,"column":48},"end":{"line":100,"column":null}}],"line":100},"12":{"loc":{"start":{"line":105,"column":18},"end":{"line":105,"column":null}},"type":"binary-expr","locations":[{"start":{"line":105,"column":18},"end":{"line":105,"column":28}},{"start":{"line":105,"column":28},"end":{"line":105,"column":null}}],"line":105},"13":{"loc":{"start":{"line":130,"column":8},"end":{"line":134,"column":null}},"type":"if","locations":[{"start":{"line":130,"column":8},"end":{"line":134,"column":null}},{"start":{},"end":{}}],"line":130},"14":{"loc":{"start":{"line":135,"column":8},"end":{"line":135,"column":null}},"type":"if","locations":[{"start":{"line":135,"column":8},"end":{"line":135,"column":null}},{"start":{},"end":{}}],"line":135},"15":{"loc":{"start":{"line":141,"column":19},"end":{"line":141,"column":null}},"type":"binary-expr","locations":[{"start":{"line":141,"column":19},"end":{"line":141,"column":32}},{"start":{"line":141,"column":32},"end":{"line":141,"column":null}}],"line":141},"16":{"loc":{"start":{"line":142,"column":26},"end":{"line":142,"column":52}},"type":"binary-expr","locations":[{"start":{"line":142,"column":26},"end":{"line":142,"column":40}},{"start":{"line":142,"column":40},"end":{"line":142,"column":52}}],"line":142},"17":{"loc":{"start":{"line":143,"column":21},"end":{"line":143,"column":null}},"type":"binary-expr","locations":[{"start":{"line":143,"column":21},"end":{"line":143,"column":36}},{"start":{"line":143,"column":36},"end":{"line":143,"column":null}}],"line":143},"18":{"loc":{"start":{"line":144,"column":21},"end":{"line":144,"column":null}},"type":"binary-expr","locations":[{"start":{"line":144,"column":21},"end":{"line":144,"column":38}},{"start":{"line":144,"column":38},"end":{"line":144,"column":null}}],"line":144},"19":{"loc":{"start":{"line":161,"column":6},"end":{"line":164,"column":null}},"type":"if","locations":[{"start":{"line":161,"column":6},"end":{"line":164,"column":null}},{"start":{},"end":{}}],"line":161},"20":{"loc":{"start":{"line":165,"column":6},"end":{"line":165,"column":null}},"type":"if","locations":[{"start":{"line":165,"column":6},"end":{"line":165,"column":null}},{"start":{},"end":{}}],"line":165},"21":{"loc":{"start":{"line":181,"column":8},"end":{"line":185,"column":null}},"type":"if","locations":[{"start":{"line":181,"column":8},"end":{"line":185,"column":null}},{"start":{},"end":{}}],"line":181},"22":{"loc":{"start":{"line":186,"column":8},"end":{"line":186,"column":null}},"type":"if","locations":[{"start":{"line":186,"column":8},"end":{"line":186,"column":null}},{"start":{},"end":{}}],"line":186}},"s":{"0":4,"1":4,"2":2,"3":2,"4":0,"5":2,"6":4,"7":4,"8":4,"9":4,"10":5,"11":5,"12":5,"13":5,"14":5,"15":2,"16":2,"17":2,"18":0,"19":0,"20":2,"21":0,"22":2,"23":2,"24":2,"25":0,"26":0,"27":0,"28":5,"29":2,"30":2,"31":2,"32":0,"33":0,"34":2,"35":0,"36":2,"37":2,"38":2,"39":0,"40":0,"41":0,"42":5,"43":2,"44":2,"45":5,"46":0,"47":0,"48":0,"49":0,"50":0,"51":0,"52":0,"53":0,"54":0,"55":0,"56":0,"57":0,"58":0,"59":5,"60":0,"61":0,"62":0,"63":0,"64":0,"65":0,"66":0,"67":0,"68":0,"69":0,"70":0,"71":5,"72":0,"73":0,"74":0,"75":0,"76":0,"77":0,"78":0,"79":0,"80":0,"81":0,"82":0,"83":5,"84":4,"85":5},"f":{"0":2,"1":5,"2":2,"3":0,"4":2,"5":0,"6":2,"7":0,"8":0,"9":0,"10":0,"11":0,"12":0,"13":4},"b":{"0":[0,2],"1":[4,0],"2":[0,2],"3":[0,2],"4":[2,0],"5":[0,0,0],"6":[0,0],"7":[0,0],"8":[0,0],"9":[0,2],"10":[0,2],"11":[2,0],"12":[0,0],"13":[0,0],"14":[0,0],"15":[0,0],"16":[0,0],"17":[0,0],"18":[0,0],"19":[0,0],"20":[0,0],"21":[0,0],"22":[0,0]},"meta":{"lastBranch":23,"lastFunction":14,"lastStatement":86,"seen":{"s:44:13:44:Infinity":0,"s:46:26:50:Infinity":1,"f:46:26:46:32":0,"s:47:8:47:Infinity":2,"b:48:2:48:Infinity:undefined:undefined:undefined:undefined":0,"s:48:2:48:Infinity":3,"s:48:12:48:Infinity":4,"s:49:2:49:Infinity":5,"s:54:3:54:Infinity":6,"b:54:3:54:49:54:49:54:Infinity":1,"s:55:20:55:Infinity":7,"s:56:19:56:Infinity":8,"s:58:31:229:Infinity":9,"f:58:31:58:32":1,"s:59:28:59:Infinity":10,"s:60:26:60:Infinity":11,"s:61:36:61:Infinity":12,"s:62:44:62:Infinity":13,"s:64:8:89:Infinity":14,"f:64:34:64:46":2,"s:65:4:88:Infinity":15,"s:66:18:66:Infinity":16,"b:67:6:70:Infinity:undefined:undefined:undefined:undefined":2,"s:67:6:70:Infinity":17,"s:68:8:68:Infinity":18,"s:69:8:69:Infinity":19,"b:71:6:71:Infinity:undefined:undefined:undefined:undefined":3,"s:71:6:71:Infinity":20,"s:71:19:71:Infinity":21,"s:72:19:72:Infinity":22,"s:73:19:73:Infinity":23,"b:73:41:73:48:73:48:73:Infinity":4,"s:74:6:84:Infinity":24,"f:76:10:76:11":3,"s:76:31:82:Infinity":25,"b:78:19:78:29:78:29:78:40:78:40:78:Infinity":5,"b:79:26:79:37:79:37:79:38":6,"b:80:21:80:33:80:33:80:Infinity":7,"b:81:21:81:35:81:35:81:Infinity":8,"s:86:6:86:Infinity":26,"s:87:6:87:Infinity":27,"s:91:8:114:Infinity":28,"f:91:33:91:45":4,"s:92:4:113:Infinity":29,"s:93:18:93:Infinity":30,"b:94:6:97:Infinity:undefined:undefined:undefined:undefined":9,"s:94:6:97:Infinity":31,"s:95:8:95:Infinity":32,"s:96:8:96:Infinity":33,"b:98:6:98:Infinity:undefined:undefined:undefined:undefined":10,"s:98:6:98:Infinity":34,"s:98:19:98:Infinity":35,"s:99:19:99:Infinity":36,"s:100:19:100:Infinity":37,"b:100:41:100:48:100:48:100:Infinity":11,"s:101:6:109:Infinity":38,"f:103:10:103:11":5,"s:103:30:107:Infinity":39,"b:105:18:105:28:105:28:105:Infinity":12,"s:111:6:111:Infinity":40,"s:112:6:112:Infinity":41,"s:116:2:119:Infinity":42,"f:116:12:116:18":6,"s:117:4:117:Infinity":43,"s:118:4:118:Infinity":44,"s:121:8:153:Infinity":45,"f:122:4:122:11":7,"s:123:6:150:Infinity":46,"s:124:20:129:Infinity":47,"b:130:8:134:Infinity:undefined:undefined:undefined:undefined":13,"s:130:8:134:Infinity":48,"s:131:10:131:Infinity":49,"s:132:10:132:Infinity":50,"s:133:10:133:Infinity":51,"b:135:8:135:Infinity:undefined:undefined:undefined:undefined":14,"s:135:8:135:Infinity":52,"s:135:21:135:Infinity":53,"s:136:21:136:Infinity":54,"s:137:8:146:Infinity":55,"f:137:19:137:20":8,"s:137:29:146:9":56,"b:141:19:141:32:141:32:141:Infinity":15,"b:142:26:142:40:142:40:142:52":16,"b:143:21:143:36:143:36:143:Infinity":17,"b:144:21:144:38:144:38:144:Infinity":18,"s:147:8:147:Infinity":57,"s:149:8:149:Infinity":58,"s:155:8:170:Infinity":59,"f:155:35:155:42":9,"s:156:4:169:Infinity":60,"s:157:18:160:Infinity":61,"b:161:6:164:Infinity:undefined:undefined:undefined:undefined":19,"s:161:6:164:Infinity":62,"s:162:8:162:Infinity":63,"s:163:8:163:Infinity":64,"b:165:6:165:Infinity:undefined:undefined:undefined:undefined":20,"s:165:6:165:Infinity":65,"s:165:19:165:Infinity":66,"s:166:6:166:Infinity":67,"f:166:17:166:18":10,"s:166:27:166:58":68,"f:166:39:166:40":11,"s:166:46:166:57":69,"s:168:6:168:Infinity":70,"s:172:8:194:Infinity":71,"f:173:4:173:11":12,"s:174:6:191:Infinity":72,"s:175:20:180:Infinity":73,"b:181:8:185:Infinity:undefined:undefined:undefined:undefined":21,"s:181:8:185:Infinity":74,"s:182:10:182:Infinity":75,"s:183:10:183:Infinity":76,"s:184:10:184:Infinity":77,"b:186:8:186:Infinity:undefined:undefined:undefined:undefined":22,"s:186:8:186:Infinity":78,"s:186:21:186:Infinity":79,"s:187:8:187:Infinity":80,"s:188:8:188:Infinity":81,"s:190:8:190:Infinity":82,"s:197:8:222:Infinity":83,"f:198:4:198:11":13,"s:198:11:210:Infinity":84,"s:224:2:227:Infinity":85}}}
,"C:\\Users\\sofca\\source\\repos\\react-app1\\client\\src\\pages\\CreateTickets.tsx": {"path":"C:\\Users\\sofca\\source\\repos\\react-app1\\client\\src\\pages\\CreateTickets.tsx","statementMap":{"0":{"start":{"line":7,"column":2},"end":{"line":11,"column":null}}},"fnMap":{"0":{"name":"CreateTickets","decl":{"start":{"line":6,"column":24},"end":{"line":6,"column":40}},"loc":{"start":{"line":6,"column":40},"end":{"line":13,"column":null}},"line":6}},"branchMap":{},"s":{"0":0},"f":{"0":0},"b":{},"meta":{"lastBranch":0,"lastFunction":1,"lastStatement":1,"seen":{"f:6:24:6:40":0,"s:7:2:11:Infinity":0}}}
,"C:\\Users\\sofca\\source\\repos\\react-app1\\client\\src\\pages\\TicketList.tsx": {"path":"C:\\Users\\sofca\\source\\repos\\react-app1\\client\\src\\pages\\TicketList.tsx","statementMap":{"0":{"start":{"line":7,"column":2},"end":{"line":11,"column":null}}},"fnMap":{"0":{"name":"TicketListPage","decl":{"start":{"line":6,"column":24},"end":{"line":6,"column":41}},"loc":{"start":{"line":6,"column":41},"end":{"line":13,"column":null}},"line":6}},"branchMap":{},"s":{"0":1},"f":{"0":1},"b":{},"meta":{"lastBranch":0,"lastFunction":1,"lastStatement":1,"seen":{"f:6:24:6:41":0,"s:7:2:11:Infinity":0}}}
,"C:\\Users\\sofca\\source\\repos\\react-app1\\client\\src\\pages\\TreatTicketPage.tsx": {"path":"C:\\Users\\sofca\\source\\repos\\react-app1\\client\\src\\pages\\TreatTicketPage.tsx","statementMap":{"0":{"start":{"line":6,"column":2},"end":{"line":10,"column":null}}},"fnMap":{"0":{"name":"TreatTicketPage","decl":{"start":{"line":5,"column":24},"end":{"line":5,"column":42}},"loc":{"start":{"line":5,"column":42},"end":{"line":12,"column":null}},"line":5}},"branchMap":{},"s":{"0":0},"f":{"0":0},"b":{},"meta":{"lastBranch":0,"lastFunction":1,"lastStatement":1,"seen":{"f:5:24:5:42":0,"s:6:2:10:Infinity":0}}}
,"C:\\Users\\sofca\\source\\repos\\react-app1\\client\\src\\routes\\AppRoutes.tsx": {"path":"C:\\Users\\sofca\\source\\repos\\react-app1\\client\\src\\routes\\AppRoutes.tsx","statementMap":{"0":{"start":{"line":9,"column":8},"end":{"line":9,"column":null}},"1":{"start":{"line":10,"column":2},"end":{"line":10,"column":null}},"2":{"start":{"line":10,"column":16},"end":{"line":10,"column":null}},"3":{"start":{"line":12,"column":26},"end":{"line":12,"column":null}},"4":{"start":{"line":14,"column":2},"end":{"line":23,"column":null}},"5":{"start":{"line":16,"column":6},"end":{"line":16,"column":null}},"6":{"start":{"line":18,"column":6},"end":{"line":18,"column":null}},"7":{"start":{"line":20,"column":6},"end":{"line":20,"column":null}},"8":{"start":{"line":22,"column":6},"end":{"line":22,"column":null}}},"fnMap":{"0":{"name":"AppRoutes","decl":{"start":{"line":8,"column":24},"end":{"line":8,"column":36}},"loc":{"start":{"line":8,"column":36},"end":{"line":24,"column":null}},"line":8}},"branchMap":{"0":{"loc":{"start":{"line":10,"column":2},"end":{"line":10,"column":null}},"type":"if","locations":[{"start":{"line":10,"column":2},"end":{"line":10,"column":null}},{"start":{},"end":{}}],"line":10},"1":{"loc":{"start":{"line":14,"column":2},"end":{"line":23,"column":null}},"type":"switch","locations":[{"start":{"line":15,"column":4},"end":{"line":16,"column":null}},{"start":{"line":17,"column":4},"end":{"line":18,"column":null}},{"start":{"line":19,"column":4},"end":{"line":20,"column":null}},{"start":{"line":21,"column":4},"end":{"line":22,"column":null}}],"line":14}},"s":{"0":1,"1":1,"2":0,"3":1,"4":1,"5":1,"6":0,"7":0,"8":0},"f":{"0":1},"b":{"0":[0,1],"1":[1,0,0,0]},"meta":{"lastBranch":2,"lastFunction":1,"lastStatement":9,"seen":{"f:8:24:8:36":0,"s:9:8:9:Infinity":0,"b:10:2:10:Infinity:undefined:undefined:undefined:undefined":0,"s:10:2:10:Infinity":1,"s:10:16:10:Infinity":2,"s:12:26:12:Infinity":3,"b:15:4:16:Infinity:17:4:18:Infinity:19:4:20:Infinity:21:4:22:Infinity":1,"s:14:2:23:Infinity":4,"s:16:6:16:Infinity":5,"s:18:6:18:Infinity":6,"s:20:6:20:Infinity":7,"s:22:6:22:Infinity":8}}}
}
