TN:
SF:src\components\CreateTicket.tsx
FN:5,CreateTicket
FN:13,(anonymous_1)
FN:31,(anonymous_2)
FN:37,(anonymous_3)
FNF:4
FNH:4
FNDA:4,CreateTicket
FNDA:1,(anonymous_1)
FNDA:1,(anonymous_2)
FNDA:1,(anonymous_3)
DA:6,4
DA:7,4
DA:8,4
DA:10,4
DA:11,4
DA:13,4
DA:14,1
DA:15,1
DA:18,1
DA:21,1
DA:22,1
DA:25,4
DA:31,1
DA:37,1
LF:14
LH:14
BRDA:10,0,0,0
BRDA:10,0,1,4
BRDA:15,1,0,0
BRDA:15,1,1,1
BRDA:15,2,0,1
BRDA:15,2,1,1
BRF:6
BRH:4
end_of_record
TN:
SF:src\components\TicketList.tsx
FN:5,TicketList
FN:17,(anonymous_1)
FN:22,(anonymous_2)
FN:24,(anonymous_3)
FNF:4
FNH:3
FNDA:2,TicketList
FNDA:1,(anonymous_1)
FNDA:0,(anonymous_2)
FNDA:1,(anonymous_3)
DA:6,2
DA:7,2
DA:9,2
DA:11,2
DA:18,1
DA:22,0
DA:24,1
LF:7
LH:6
BRDA:7,0,0,0
BRDA:7,0,1,2
BRDA:13,1,0,1
BRDA:13,1,1,1
BRDA:21,2,0,1
BRDA:21,2,1,0
BRF:6
BRH:4
end_of_record
TN:
SF:src\components\TreatTicket.tsx
FN:5,TreatTicket
FN:17,(anonymous_1)
FN:26,(anonymous_2)
FN:29,(anonymous_3)
FN:47,(anonymous_4)
FN:53,(anonymous_5)
FN:66,(anonymous_6)
FNF:7
FNH:0
FNDA:0,TreatTicket
FNDA:0,(anonymous_1)
FNDA:0,(anonymous_2)
FNDA:0,(anonymous_3)
FNDA:0,(anonymous_4)
FNDA:0,(anonymous_5)
FNDA:0,(anonymous_6)
DA:15,0
DA:17,0
DA:18,0
DA:19,0
DA:22,0
DA:23,0
DA:26,0
DA:27,0
DA:29,0
DA:30,0
DA:31,0
DA:32,0
DA:35,0
DA:48,0
DA:53,0
DA:67,0
DA:68,0
LF:17
LH:0
BRDA:22,0,0,0
BRDA:22,0,1,0
BRDA:27,1,0,0
BRDA:27,1,1,0
BRDA:43,2,0,0
BRDA:43,2,1,0
BRDA:50,3,0,0
BRDA:50,3,1,0
BRF:8
BRH:0
end_of_record
TN:
SF:src\context\Tickets.tsx
FN:46,(anonymous_0)
FN:58,(anonymous_1)
FN:64,(anonymous_2)
FN:76,(anonymous_3)
FN:91,(anonymous_4)
FN:103,(anonymous_5)
FN:116,(anonymous_6)
FN:122,(anonymous_7)
FN:137,(anonymous_8)
FN:155,(anonymous_9)
FN:166,(anonymous_10)
FN:166,(anonymous_11)
FN:173,(anonymous_12)
FN:198,(anonymous_13)
FNF:14
FNH:6
FNDA:2,(anonymous_0)
FNDA:5,(anonymous_1)
FNDA:2,(anonymous_2)
FNDA:0,(anonymous_3)
FNDA:2,(anonymous_4)
FNDA:0,(anonymous_5)
FNDA:2,(anonymous_6)
FNDA:0,(anonymous_7)
FNDA:0,(anonymous_8)
FNDA:0,(anonymous_9)
FNDA:0,(anonymous_10)
FNDA:0,(anonymous_11)
FNDA:0,(anonymous_12)
FNDA:4,(anonymous_13)
DA:44,4
DA:46,4
DA:47,2
DA:48,2
DA:49,2
DA:54,4
DA:55,4
DA:56,4
DA:58,4
DA:59,5
DA:60,5
DA:61,5
DA:62,5
DA:64,5
DA:65,2
DA:66,2
DA:67,2
DA:68,0
DA:69,0
DA:71,2
DA:72,2
DA:73,2
DA:74,2
DA:76,0
DA:86,0
DA:87,0
DA:91,5
DA:92,2
DA:93,2
DA:94,2
DA:95,0
DA:96,0
DA:98,2
DA:99,2
DA:100,2
DA:101,2
DA:103,0
DA:111,0
DA:112,0
DA:116,5
DA:117,2
DA:118,2
DA:121,5
DA:123,0
DA:124,0
DA:130,0
DA:131,0
DA:132,0
DA:133,0
DA:135,0
DA:136,0
DA:137,0
DA:147,0
DA:149,0
DA:155,5
DA:156,0
DA:157,0
DA:161,0
DA:162,0
DA:163,0
DA:165,0
DA:166,0
DA:168,0
DA:172,5
DA:174,0
DA:175,0
DA:181,0
DA:182,0
DA:183,0
DA:184,0
DA:186,0
DA:187,0
DA:188,0
DA:190,0
DA:197,5
DA:198,4
DA:224,5
LF:77
LH:38
BRDA:48,0,0,0
BRDA:48,0,1,2
BRDA:54,1,0,4
BRDA:54,1,1,0
BRDA:67,2,0,0
BRDA:67,2,1,2
BRDA:71,3,0,0
BRDA:71,3,1,2
BRDA:73,4,0,2
BRDA:73,4,1,0
BRDA:78,5,0,0
BRDA:78,5,1,0
BRDA:78,5,2,0
BRDA:79,6,0,0
BRDA:79,6,1,0
BRDA:80,7,0,0
BRDA:80,7,1,0
BRDA:81,8,0,0
BRDA:81,8,1,0
BRDA:94,9,0,0
BRDA:94,9,1,2
BRDA:98,10,0,0
BRDA:98,10,1,2
BRDA:100,11,0,2
BRDA:100,11,1,0
BRDA:105,12,0,0
BRDA:105,12,1,0
BRDA:130,13,0,0
BRDA:130,13,1,0
BRDA:135,14,0,0
BRDA:135,14,1,0
BRDA:141,15,0,0
BRDA:141,15,1,0
BRDA:142,16,0,0
BRDA:142,16,1,0
BRDA:143,17,0,0
BRDA:143,17,1,0
BRDA:144,18,0,0
BRDA:144,18,1,0
BRDA:161,19,0,0
BRDA:161,19,1,0
BRDA:165,20,0,0
BRDA:165,20,1,0
BRDA:181,21,0,0
BRDA:181,21,1,0
BRDA:186,22,0,0
BRDA:186,22,1,0
BRF:47
BRH:8
end_of_record
TN:
SF:src\pages\CreateTickets.tsx
FN:6,CreateTickets
FNF:1
FNH:0
FNDA:0,CreateTickets
DA:7,0
LF:1
LH:0
BRF:0
BRH:0
end_of_record
TN:
SF:src\pages\TicketList.tsx
FN:6,TicketListPage
FNF:1
FNH:1
FNDA:1,TicketListPage
DA:7,1
LF:1
LH:1
BRF:0
BRH:0
end_of_record
TN:
SF:src\pages\TreatTicketPage.tsx
FN:5,TreatTicketPage
FNF:1
FNH:0
FNDA:0,TreatTicketPage
DA:6,0
LF:1
LH:0
BRF:0
BRH:0
end_of_record
TN:
SF:src\routes\AppRoutes.tsx
FN:8,AppRoutes
FNF:1
FNH:1
FNDA:1,AppRoutes
DA:9,1
DA:10,1
DA:12,1
DA:14,1
DA:16,1
DA:18,0
DA:20,0
DA:22,0
LF:8
LH:5
BRDA:10,0,0,0
BRDA:10,0,1,1
BRDA:14,1,0,1
BRDA:14,1,1,0
BRDA:14,1,2,0
BRDA:14,1,3,0
BRF:6
BRH:2
end_of_record
